ARM GAS  C:\Users\NICOLA~1\AppData\Local\Temp\ccE0mTq5.s 			page 1


   1              		.syntax unified
   2              		.cpu cortex-m3
   3              		.fpu softvfp
   4              		.eabi_attribute 20, 1
   5              		.eabi_attribute 21, 1
   6              		.eabi_attribute 23, 3
   7              		.eabi_attribute 24, 1
   8              		.eabi_attribute 25, 1
   9              		.eabi_attribute 26, 1
  10              		.eabi_attribute 30, 1
  11              		.eabi_attribute 34, 1
  12              		.eabi_attribute 18, 4
  13              		.thumb
  14              		.syntax unified
  15              		.file	"cymetadata.c"
  16              		.text
  17              	.Ltext0:
  18              		.cfi_sections	.debug_frame
  19              		.global	cy_metadata
  20              		.global	cy_meta_flashprotect
  21              		.global	cy_meta_wonvl
  22              		.global	cy_meta_custnvl
  23              		.global	cy_meta_configecc
  24              		.section	.cyconfigecc,"a",%progbits
  25              		.align	2
  26              		.type	cy_meta_configecc, %object
  27              		.size	cy_meta_configecc, 240
  28              	cy_meta_configecc:
  29 0000 04       		.byte	4
  30 0001 45       		.byte	69
  31 0002 00       		.byte	0
  32 0003 40       		.byte	64
  33 0004 01       		.byte	1
  34 0005 09       		.byte	9
  35 0006 01       		.byte	1
  36 0007 40       		.byte	64
  37 0008 02       		.byte	2
  38 0009 0B       		.byte	11
  39 000a 01       		.byte	1
  40 000b 40       		.byte	64
  41 000c 27       		.byte	39
  42 000d 0C       		.byte	12
  43 000e 01       		.byte	1
  44 000f 40       		.byte	64
  45 0010 16       		.byte	22
  46 0011 0D       		.byte	13
  47 0012 01       		.byte	1
  48 0013 40       		.byte	64
  49 0014 01       		.byte	1
  50 0015 17       		.byte	23
  51 0016 01       		.byte	1
  52 0017 40       		.byte	64
  53 0018 02       		.byte	2
  54 0019 19       		.byte	25
  55 001a 01       		.byte	1
  56 001b 40       		.byte	64
  57 001c 02       		.byte	2
ARM GAS  C:\Users\NICOLA~1\AppData\Local\Temp\ccE0mTq5.s 			page 2


  58 001d 45       		.byte	69
  59 001e 01       		.byte	1
  60 001f 40       		.byte	64
  61 0020 02       		.byte	2
  62 0021 46       		.byte	70
  63 0022 01       		.byte	1
  64 0023 40       		.byte	64
  65 0024 04       		.byte	4
  66 0025 48       		.byte	72
  67 0026 01       		.byte	1
  68 0027 40       		.byte	64
  69 0028 17       		.byte	23
  70 0029 02       		.byte	2
  71 002a 18       		.byte	24
  72 002b 02       		.byte	2
  73 002c 19       		.byte	25
  74 002d 02       		.byte	2
  75 002e 1A       		.byte	26
  76 002f 02       		.byte	2
  77 0030 A7       		.byte	-89
  78 0031 40       		.byte	64
  79 0032 A7       		.byte	-89
  80 0033 40       		.byte	64
  81 0034 B4       		.byte	-76
  82 0035 10       		.byte	16
  83 0036 80       		.byte	-128
  84 0037 04       		.byte	4
  85 0038 81       		.byte	-127
  86 0039 02       		.byte	2
  87 003a 82       		.byte	-126
  88 003b 0A       		.byte	10
  89 003c 88       		.byte	-120
  90 003d 03       		.byte	3
  91 003e 8A       		.byte	-118
  92 003f 04       		.byte	4
  93 0040 8E       		.byte	-114
  94 0041 2E       		.byte	46
  95 0042 8F       		.byte	-113
  96 0043 02       		.byte	2
  97 0044 94       		.byte	-108
  98 0045 0E       		.byte	14
  99 0046 95       		.byte	-107
 100 0047 04       		.byte	4
 101 0048 96       		.byte	-106
 102 0049 70       		.byte	112
 103 004a 97       		.byte	-105
 104 004b 08       		.byte	8
 105 004c 98       		.byte	-104
 106 004d 0A       		.byte	10
 107 004e 99       		.byte	-103
 108 004f 02       		.byte	2
 109 0050 9A       		.byte	-102
 110 0051 34       		.byte	52
 111 0052 9B       		.byte	-101
 112 0053 08       		.byte	8
 113 0054 9C       		.byte	-100
 114 0055 01       		.byte	1
ARM GAS  C:\Users\NICOLA~1\AppData\Local\Temp\ccE0mTq5.s 			page 3


 115 0056 9D       		.byte	-99
 116 0057 01       		.byte	1
 117 0058 9E       		.byte	-98
 118 0059 7C       		.byte	124
 119 005a 9F       		.byte	-97
 120 005b 18       		.byte	24
 121 005c A8       		.byte	-88
 122 005d 04       		.byte	4
 123 005e A9       		.byte	-87
 124 005f 02       		.byte	2
 125 0060 AA       		.byte	-86
 126 0061 7A       		.byte	122
 127 0062 AC       		.byte	-84
 128 0063 0E       		.byte	14
 129 0064 AE       		.byte	-82
 130 0065 70       		.byte	112
 131 0066 AF       		.byte	-81
 132 0067 02       		.byte	2
 133 0068 B0       		.byte	-80
 134 0069 18       		.byte	24
 135 006a B1       		.byte	-79
 136 006b 08       		.byte	8
 137 006c B2       		.byte	-78
 138 006d 07       		.byte	7
 139 006e B3       		.byte	-77
 140 006f 10       		.byte	16
 141 0070 B4       		.byte	-76
 142 0071 40       		.byte	64
 143 0072 B5       		.byte	-75
 144 0073 07       		.byte	7
 145 0074 B6       		.byte	-74
 146 0075 28       		.byte	40
 147 0076 B9       		.byte	-71
 148 0077 80       		.byte	-128
 149 0078 BA       		.byte	-70
 150 0079 AA       		.byte	-86
 151 007a BB       		.byte	-69
 152 007b 3A       		.byte	58
 153 007c D8       		.byte	-40
 154 007d 04       		.byte	4
 155 007e D9       		.byte	-39
 156 007f 04       		.byte	4
 157 0080 DC       		.byte	-36
 158 0081 88       		.byte	-120
 159 0082 DF       		.byte	-33
 160 0083 31       		.byte	49
 161 0084 00       		.byte	0
 162 0085 51       		.byte	81
 163 0086 09       		.byte	9
 164 0087 80       		.byte	-128
 165 0088 0A       		.byte	10
 166 0089 24       		.byte	36
 167 008a 12       		.byte	18
 168 008b 0A       		.byte	10
 169 008c 18       		.byte	24
 170 008d 51       		.byte	81
 171 008e 19       		.byte	25
ARM GAS  C:\Users\NICOLA~1\AppData\Local\Temp\ccE0mTq5.s 			page 4


 172 008f 50       		.byte	80
 173 0090 1A       		.byte	26
 174 0091 04       		.byte	4
 175 0092 21       		.byte	33
 176 0093 89       		.byte	-119
 177 0094 22       		.byte	34
 178 0095 1A       		.byte	26
 179 0096 29       		.byte	41
 180 0097 50       		.byte	80
 181 0098 31       		.byte	49
 182 0099 88       		.byte	-120
 183 009a 32       		.byte	50
 184 009b 10       		.byte	16
 185 009c 38       		.byte	56
 186 009d 40       		.byte	64
 187 009e 39       		.byte	57
 188 009f 02       		.byte	2
 189 00a0 7B       		.byte	123
 190 00a1 40       		.byte	64
 191 00a2 C0       		.byte	-64
 192 00a3 0B       		.byte	11
 193 00a4 C2       		.byte	-62
 194 00a5 07       		.byte	7
 195 00a6 C4       		.byte	-60
 196 00a7 03       		.byte	3
 197 00a8 CA       		.byte	-54
 198 00a9 0C       		.byte	12
 199 00aa CC       		.byte	-52
 200 00ab 0E       		.byte	14
 201 00ac CE       		.byte	-50
 202 00ad 09       		.byte	9
 203 00ae DE       		.byte	-34
 204 00af 01       		.byte	1
 205 00b0 E0       		.byte	-32
 206 00b1 04       		.byte	4
 207 00b2 83       		.byte	-125
 208 00b3 40       		.byte	64
 209 00b4 A7       		.byte	-89
 210 00b5 40       		.byte	64
 211 00b6 50       		.byte	80
 212 00b7 04       		.byte	4
 213 00b8 D4       		.byte	-44
 214 00b9 04       		.byte	4
 215 00ba B4       		.byte	-76
 216 00bb 04       		.byte	4
 217 00bc E8       		.byte	-24
 218 00bd 08       		.byte	8
 219 00be 2B       		.byte	43
 220 00bf 40       		.byte	64
 221 00c0 83       		.byte	-125
 222 00c1 40       		.byte	64
 223 00c2 CA       		.byte	-54
 224 00c3 40       		.byte	64
 225 00c4 E0       		.byte	-32
 226 00c5 20       		.byte	32
 227 00c6 00       		.byte	0
 228 00c7 00       		.byte	0
ARM GAS  C:\Users\NICOLA~1\AppData\Local\Temp\ccE0mTq5.s 			page 5


 229 00c8 00       		.byte	0
 230 00c9 7F       		.byte	127
 231 00ca 7F       		.byte	127
 232 00cb 00       		.byte	0
 233 00cc 00       		.byte	0
 234 00cd 00       		.byte	0
 235 00ce 00       		.byte	0
 236 00cf 00       		.byte	0
 237 00d0 00       		.byte	0
 238 00d1 0B       		.byte	11
 239 00d2 0B       		.byte	11
 240 00d3 00       		.byte	0
 241 00d4 00       		.byte	0
 242 00d5 00       		.byte	0
 243 00d6 00       		.byte	0
 244 00d7 00       		.byte	0
 245 00d8 80       		.byte	-128
 246 00d9 00       		.byte	0
 247 00da 00       		.byte	0
 248 00db 82       		.byte	-126
 249 00dc 02       		.byte	2
 250 00dd 00       		.byte	0
 251 00de 02       		.byte	2
 252 00df 00       		.byte	0
 253 00e0 00       		.byte	0
 254 00e1 00       		.byte	0
 255 00e2 00       		.byte	0
 256 00e3 00       		.byte	0
 257 00e4 07       		.byte	7
 258 00e5 00       		.byte	0
 259 00e6 00       		.byte	0
 260 00e7 07       		.byte	7
 261 00e8 00       		.byte	0
 262 00e9 00       		.byte	0
 263 00ea 00       		.byte	0
 264 00eb 00       		.byte	0
 265 00ec 00       		.byte	0
 266 00ed 00       		.byte	0
 267 00ee 00       		.byte	0
 268 00ef 00       		.byte	0
 269              		.section	.cywolatch,"a",%progbits
 270              		.align	2
 271              		.type	cy_meta_wonvl, %object
 272              		.size	cy_meta_wonvl, 4
 273              	cy_meta_wonvl:
 274 0000 BC       		.byte	-68
 275 0001 90       		.byte	-112
 276 0002 AC       		.byte	-84
 277 0003 AF       		.byte	-81
 278              		.section	.cycustnvl,"a",%progbits
 279              		.align	2
 280              		.type	cy_meta_custnvl, %object
 281              		.size	cy_meta_custnvl, 4
 282              	cy_meta_custnvl:
 283 0000 00       		.byte	0
 284 0001 00       		.byte	0
 285 0002 40       		.byte	64
ARM GAS  C:\Users\NICOLA~1\AppData\Local\Temp\ccE0mTq5.s 			page 6


 286 0003 05       		.byte	5
 287              		.section	.cymeta,"a",%progbits
 288              		.align	2
 289              		.type	cy_metadata, %object
 290              		.size	cy_metadata, 12
 291              	cy_metadata:
 292 0000 00       		.byte	0
 293 0001 01       		.byte	1
 294 0002 2E       		.byte	46
 295 0003 16       		.byte	22
 296 0004 10       		.byte	16
 297 0005 69       		.byte	105
 298 0006 00       		.byte	0
 299 0007 01       		.byte	1
 300 0008 00       		.byte	0
 301 0009 00       		.byte	0
 302 000a 00       		.byte	0
 303 000b 00       		.byte	0
 304              		.section	.cyflashprotect,"a",%progbits
 305              		.align	2
 306              		.type	cy_meta_flashprotect, %object
 307              		.size	cy_meta_flashprotect, 256
 308              	cy_meta_flashprotect:
 309 0000 00000000 		.space	256
 309      00000000 
 309      00000000 
 309      00000000 
 309      00000000 
 310              		.text
 311              	.Letext0:
 312              		.file 1 "c:\\program files (x86)\\cypress\\psoc creator\\4.2\\psoc creator\\import\\gnu\\arm\\5.4.
 313              		.file 2 "c:\\program files (x86)\\cypress\\psoc creator\\4.2\\psoc creator\\import\\gnu\\arm\\5.4.
 314              		.file 3 "Generated_Source\\PSoC5\\cymetadata.c"
 315              		.section	.debug_info,"",%progbits
 316              	.Ldebug_info0:
 317 0000 30010000 		.4byte	0x130
 318 0004 0400     		.2byte	0x4
 319 0006 00000000 		.4byte	.Ldebug_abbrev0
 320 000a 04       		.byte	0x4
 321 000b 01       		.uleb128 0x1
 322 000c 79000000 		.4byte	.LASF17
 323 0010 0C       		.byte	0xc
 324 0011 D3010000 		.4byte	.LASF18
 325 0015 16000000 		.4byte	.LASF19
 326 0019 00000000 		.4byte	.Ldebug_line0
 327 001d 02       		.uleb128 0x2
 328 001e 01       		.byte	0x1
 329 001f 06       		.byte	0x6
 330 0020 C7010000 		.4byte	.LASF0
 331 0024 03       		.uleb128 0x3
 332 0025 00000000 		.4byte	.LASF9
 333 0029 01       		.byte	0x1
 334 002a 1D       		.byte	0x1d
 335 002b 2F000000 		.4byte	0x2f
 336 002f 02       		.uleb128 0x2
 337 0030 01       		.byte	0x1
 338 0031 08       		.byte	0x8
ARM GAS  C:\Users\NICOLA~1\AppData\Local\Temp\ccE0mTq5.s 			page 7


 339 0032 6B000000 		.4byte	.LASF1
 340 0036 02       		.uleb128 0x2
 341 0037 02       		.byte	0x2
 342 0038 05       		.byte	0x5
 343 0039 B4010000 		.4byte	.LASF2
 344 003d 02       		.uleb128 0x2
 345 003e 02       		.byte	0x2
 346 003f 07       		.byte	0x7
 347 0040 19010000 		.4byte	.LASF3
 348 0044 02       		.uleb128 0x2
 349 0045 04       		.byte	0x4
 350 0046 05       		.byte	0x5
 351 0047 BE010000 		.4byte	.LASF4
 352 004b 02       		.uleb128 0x2
 353 004c 04       		.byte	0x4
 354 004d 07       		.byte	0x7
 355 004e 07010000 		.4byte	.LASF5
 356 0052 02       		.uleb128 0x2
 357 0053 08       		.byte	0x8
 358 0054 05       		.byte	0x5
 359 0055 A6010000 		.4byte	.LASF6
 360 0059 02       		.uleb128 0x2
 361 005a 08       		.byte	0x8
 362 005b 07       		.byte	0x7
 363 005c 5B010000 		.4byte	.LASF7
 364 0060 04       		.uleb128 0x4
 365 0061 04       		.byte	0x4
 366 0062 05       		.byte	0x5
 367 0063 696E7400 		.ascii	"int\000"
 368 0067 02       		.uleb128 0x2
 369 0068 04       		.byte	0x4
 370 0069 07       		.byte	0x7
 371 006a 4E010000 		.4byte	.LASF8
 372 006e 03       		.uleb128 0x3
 373 006f 72010000 		.4byte	.LASF10
 374 0073 02       		.byte	0x2
 375 0074 18       		.byte	0x18
 376 0075 24000000 		.4byte	0x24
 377 0079 05       		.uleb128 0x5
 378 007a 90000000 		.4byte	0x90
 379 007e 89000000 		.4byte	0x89
 380 0082 06       		.uleb128 0x6
 381 0083 89000000 		.4byte	0x89
 382 0087 EF       		.byte	0xef
 383 0088 00       		.byte	0
 384 0089 02       		.uleb128 0x2
 385 008a 04       		.byte	0x4
 386 008b 07       		.byte	0x7
 387 008c 9D010000 		.4byte	.LASF11
 388 0090 07       		.uleb128 0x7
 389 0091 6E000000 		.4byte	0x6e
 390 0095 08       		.uleb128 0x8
 391 0096 3C010000 		.4byte	.LASF12
 392 009a 03       		.byte	0x3
 393 009b 1F       		.byte	0x1f
 394 009c A6000000 		.4byte	0xa6
 395 00a0 05       		.uleb128 0x5
ARM GAS  C:\Users\NICOLA~1\AppData\Local\Temp\ccE0mTq5.s 			page 8


 396 00a1 03       		.byte	0x3
 397 00a2 00000000 		.4byte	cy_meta_configecc
 398 00a6 07       		.uleb128 0x7
 399 00a7 79000000 		.4byte	0x79
 400 00ab 05       		.uleb128 0x5
 401 00ac 90000000 		.4byte	0x90
 402 00b0 BB000000 		.4byte	0xbb
 403 00b4 06       		.uleb128 0x6
 404 00b5 89000000 		.4byte	0x89
 405 00b9 03       		.byte	0x3
 406 00ba 00       		.byte	0
 407 00bb 08       		.uleb128 0x8
 408 00bc 2C010000 		.4byte	.LASF13
 409 00c0 03       		.byte	0x3
 410 00c1 4A       		.byte	0x4a
 411 00c2 CC000000 		.4byte	0xcc
 412 00c6 05       		.uleb128 0x5
 413 00c7 03       		.byte	0x3
 414 00c8 00000000 		.4byte	cy_meta_custnvl
 415 00cc 07       		.uleb128 0x7
 416 00cd AB000000 		.4byte	0xab
 417 00d1 08       		.uleb128 0x8
 418 00d2 8F010000 		.4byte	.LASF14
 419 00d6 03       		.byte	0x3
 420 00d7 58       		.byte	0x58
 421 00d8 E2000000 		.4byte	0xe2
 422 00dc 05       		.uleb128 0x5
 423 00dd 03       		.byte	0x3
 424 00de 00000000 		.4byte	cy_meta_wonvl
 425 00e2 07       		.uleb128 0x7
 426 00e3 AB000000 		.4byte	0xab
 427 00e7 05       		.uleb128 0x5
 428 00e8 90000000 		.4byte	0x90
 429 00ec F7000000 		.4byte	0xf7
 430 00f0 06       		.uleb128 0x6
 431 00f1 89000000 		.4byte	0x89
 432 00f5 FF       		.byte	0xff
 433 00f6 00       		.byte	0
 434 00f7 08       		.uleb128 0x8
 435 00f8 7A010000 		.4byte	.LASF15
 436 00fc 03       		.byte	0x3
 437 00fd 66       		.byte	0x66
 438 00fe 08010000 		.4byte	0x108
 439 0102 05       		.uleb128 0x5
 440 0103 03       		.byte	0x3
 441 0104 00000000 		.4byte	cy_meta_flashprotect
 442 0108 07       		.uleb128 0x7
 443 0109 E7000000 		.4byte	0xe7
 444 010d 05       		.uleb128 0x5
 445 010e 90000000 		.4byte	0x90
 446 0112 1D010000 		.4byte	0x11d
 447 0116 06       		.uleb128 0x6
 448 0117 89000000 		.4byte	0x89
 449 011b 0B       		.byte	0xb
 450 011c 00       		.byte	0
 451 011d 08       		.uleb128 0x8
 452 011e 0A000000 		.4byte	.LASF16
ARM GAS  C:\Users\NICOLA~1\AppData\Local\Temp\ccE0mTq5.s 			page 9


 453 0122 03       		.byte	0x3
 454 0123 93       		.byte	0x93
 455 0124 2E010000 		.4byte	0x12e
 456 0128 05       		.uleb128 0x5
 457 0129 03       		.byte	0x3
 458 012a 00000000 		.4byte	cy_metadata
 459 012e 07       		.uleb128 0x7
 460 012f 0D010000 		.4byte	0x10d
 461 0133 00       		.byte	0
 462              		.section	.debug_abbrev,"",%progbits
 463              	.Ldebug_abbrev0:
 464 0000 01       		.uleb128 0x1
 465 0001 11       		.uleb128 0x11
 466 0002 01       		.byte	0x1
 467 0003 25       		.uleb128 0x25
 468 0004 0E       		.uleb128 0xe
 469 0005 13       		.uleb128 0x13
 470 0006 0B       		.uleb128 0xb
 471 0007 03       		.uleb128 0x3
 472 0008 0E       		.uleb128 0xe
 473 0009 1B       		.uleb128 0x1b
 474 000a 0E       		.uleb128 0xe
 475 000b 10       		.uleb128 0x10
 476 000c 17       		.uleb128 0x17
 477 000d 00       		.byte	0
 478 000e 00       		.byte	0
 479 000f 02       		.uleb128 0x2
 480 0010 24       		.uleb128 0x24
 481 0011 00       		.byte	0
 482 0012 0B       		.uleb128 0xb
 483 0013 0B       		.uleb128 0xb
 484 0014 3E       		.uleb128 0x3e
 485 0015 0B       		.uleb128 0xb
 486 0016 03       		.uleb128 0x3
 487 0017 0E       		.uleb128 0xe
 488 0018 00       		.byte	0
 489 0019 00       		.byte	0
 490 001a 03       		.uleb128 0x3
 491 001b 16       		.uleb128 0x16
 492 001c 00       		.byte	0
 493 001d 03       		.uleb128 0x3
 494 001e 0E       		.uleb128 0xe
 495 001f 3A       		.uleb128 0x3a
 496 0020 0B       		.uleb128 0xb
 497 0021 3B       		.uleb128 0x3b
 498 0022 0B       		.uleb128 0xb
 499 0023 49       		.uleb128 0x49
 500 0024 13       		.uleb128 0x13
 501 0025 00       		.byte	0
 502 0026 00       		.byte	0
 503 0027 04       		.uleb128 0x4
 504 0028 24       		.uleb128 0x24
 505 0029 00       		.byte	0
 506 002a 0B       		.uleb128 0xb
 507 002b 0B       		.uleb128 0xb
 508 002c 3E       		.uleb128 0x3e
 509 002d 0B       		.uleb128 0xb
ARM GAS  C:\Users\NICOLA~1\AppData\Local\Temp\ccE0mTq5.s 			page 10


 510 002e 03       		.uleb128 0x3
 511 002f 08       		.uleb128 0x8
 512 0030 00       		.byte	0
 513 0031 00       		.byte	0
 514 0032 05       		.uleb128 0x5
 515 0033 01       		.uleb128 0x1
 516 0034 01       		.byte	0x1
 517 0035 49       		.uleb128 0x49
 518 0036 13       		.uleb128 0x13
 519 0037 01       		.uleb128 0x1
 520 0038 13       		.uleb128 0x13
 521 0039 00       		.byte	0
 522 003a 00       		.byte	0
 523 003b 06       		.uleb128 0x6
 524 003c 21       		.uleb128 0x21
 525 003d 00       		.byte	0
 526 003e 49       		.uleb128 0x49
 527 003f 13       		.uleb128 0x13
 528 0040 2F       		.uleb128 0x2f
 529 0041 0B       		.uleb128 0xb
 530 0042 00       		.byte	0
 531 0043 00       		.byte	0
 532 0044 07       		.uleb128 0x7
 533 0045 26       		.uleb128 0x26
 534 0046 00       		.byte	0
 535 0047 49       		.uleb128 0x49
 536 0048 13       		.uleb128 0x13
 537 0049 00       		.byte	0
 538 004a 00       		.byte	0
 539 004b 08       		.uleb128 0x8
 540 004c 34       		.uleb128 0x34
 541 004d 00       		.byte	0
 542 004e 03       		.uleb128 0x3
 543 004f 0E       		.uleb128 0xe
 544 0050 3A       		.uleb128 0x3a
 545 0051 0B       		.uleb128 0xb
 546 0052 3B       		.uleb128 0x3b
 547 0053 0B       		.uleb128 0xb
 548 0054 49       		.uleb128 0x49
 549 0055 13       		.uleb128 0x13
 550 0056 3F       		.uleb128 0x3f
 551 0057 19       		.uleb128 0x19
 552 0058 02       		.uleb128 0x2
 553 0059 18       		.uleb128 0x18
 554 005a 00       		.byte	0
 555 005b 00       		.byte	0
 556 005c 00       		.byte	0
 557              		.section	.debug_aranges,"",%progbits
 558 0000 14000000 		.4byte	0x14
 559 0004 0200     		.2byte	0x2
 560 0006 00000000 		.4byte	.Ldebug_info0
 561 000a 04       		.byte	0x4
 562 000b 00       		.byte	0
 563 000c 0000     		.2byte	0
 564 000e 0000     		.2byte	0
 565 0010 00000000 		.4byte	0
 566 0014 00000000 		.4byte	0
ARM GAS  C:\Users\NICOLA~1\AppData\Local\Temp\ccE0mTq5.s 			page 11


 567              		.section	.debug_line,"",%progbits
 568              	.Ldebug_line0:
 569 0000 3D010000 		.section	.debug_str,"MS",%progbits,1
 569      02003701 
 569      00000201 
 569      FB0E0D00 
 569      01010101 
 570              	.LASF9:
 571 0000 5F5F7569 		.ascii	"__uint8_t\000"
 571      6E74385F 
 571      7400
 572              	.LASF16:
 573 000a 63795F6D 		.ascii	"cy_metadata\000"
 573      65746164 
 573      61746100 
 574              	.LASF19:
 575 0016 433A5C55 		.ascii	"C:\\Users\\Nicolas Zamora\\Documents\\PSoC Creator\\"
 575      73657273 
 575      5C4E6963 
 575      6F6C6173 
 575      205A616D 
 576 0045 50726163 		.ascii	"Practica1\\Medidor_de_Frecuencia.cydsn\000"
 576      74696361 
 576      315C4D65 
 576      6469646F 
 576      725F6465 
 577              	.LASF1:
 578 006b 756E7369 		.ascii	"unsigned char\000"
 578      676E6564 
 578      20636861 
 578      7200
 579              	.LASF17:
 580 0079 474E5520 		.ascii	"GNU C11 5.4.1 20160609 (release) [ARM/embedded-5-br"
 580      43313120 
 580      352E342E 
 580      31203230 
 580      31363036 
 581 00ac 616E6368 		.ascii	"anch revision 237715] -mcpu=cortex-m3 -mthumb -g -O"
 581      20726576 
 581      6973696F 
 581      6E203233 
 581      37373135 
 582 00df 67202D66 		.ascii	"g -ffunction-sections -ffat-lto-objects\000"
 582      66756E63 
 582      74696F6E 
 582      2D736563 
 582      74696F6E 
 583              	.LASF5:
 584 0107 6C6F6E67 		.ascii	"long unsigned int\000"
 584      20756E73 
 584      69676E65 
 584      6420696E 
 584      7400
 585              	.LASF3:
 586 0119 73686F72 		.ascii	"short unsigned int\000"
 586      7420756E 
 586      7369676E 
ARM GAS  C:\Users\NICOLA~1\AppData\Local\Temp\ccE0mTq5.s 			page 12


 586      65642069 
 586      6E7400
 587              	.LASF13:
 588 012c 63795F6D 		.ascii	"cy_meta_custnvl\000"
 588      6574615F 
 588      63757374 
 588      6E766C00 
 589              	.LASF12:
 590 013c 63795F6D 		.ascii	"cy_meta_configecc\000"
 590      6574615F 
 590      636F6E66 
 590      69676563 
 590      6300
 591              	.LASF8:
 592 014e 756E7369 		.ascii	"unsigned int\000"
 592      676E6564 
 592      20696E74 
 592      00
 593              	.LASF7:
 594 015b 6C6F6E67 		.ascii	"long long unsigned int\000"
 594      206C6F6E 
 594      6720756E 
 594      7369676E 
 594      65642069 
 595              	.LASF10:
 596 0172 75696E74 		.ascii	"uint8_t\000"
 596      385F7400 
 597              	.LASF15:
 598 017a 63795F6D 		.ascii	"cy_meta_flashprotect\000"
 598      6574615F 
 598      666C6173 
 598      6870726F 
 598      74656374 
 599              	.LASF14:
 600 018f 63795F6D 		.ascii	"cy_meta_wonvl\000"
 600      6574615F 
 600      776F6E76 
 600      6C00
 601              	.LASF11:
 602 019d 73697A65 		.ascii	"sizetype\000"
 602      74797065 
 602      00
 603              	.LASF6:
 604 01a6 6C6F6E67 		.ascii	"long long int\000"
 604      206C6F6E 
 604      6720696E 
 604      7400
 605              	.LASF2:
 606 01b4 73686F72 		.ascii	"short int\000"
 606      7420696E 
 606      7400
 607              	.LASF4:
 608 01be 6C6F6E67 		.ascii	"long int\000"
 608      20696E74 
 608      00
 609              	.LASF0:
 610 01c7 7369676E 		.ascii	"signed char\000"
ARM GAS  C:\Users\NICOLA~1\AppData\Local\Temp\ccE0mTq5.s 			page 13


 610      65642063 
 610      68617200 
 611              	.LASF18:
 612 01d3 47656E65 		.ascii	"Generated_Source\\PSoC5\\cymetadata.c\000"
 612      72617465 
 612      645F536F 
 612      75726365 
 612      5C50536F 
 613              		.ident	"GCC: (GNU Tools for ARM Embedded Processors) 5.4.1 20160609 (release) [ARM/embedded-5-bran
